[!] Initializing with following parameterization:
    YARA_FILES=['/home/python-scapy-yara/io/yara_rules/modbus_queryflooding.yara']
    MODE=(PCAP_INSPECTION=/home/python-scapy-yara/io/icsdataset-CRITIS18/critis18-eth2dump-modbusQueryFlooding1m-0,5h_1.pcap)
    PACKET_BUFFER_SIZE=3
    PACKET_SNIFF_FILTER=ip
[!] Compiling 1 YARA rule file(s): modbus_queryflooding.yara...
[!] 1 YARA rule files compiled.
[!] Reading packets from pcap file '/home/python-scapy-yara/io/icsdataset-CRITIS18/critis18-eth2dump-modbusQueryFlooding1m-0,5h_1.pcap'...
[!] Applying YARA rules...
[!] Done!
[!] JSON={
  "modbus_queryflooding.yara": {
    "modbus_queryflooding_repetition": {
      "matches": 782,
      "packets": [
        3036,
        3048,
        3053,
        3062,
        3075,
        3076,
        3089,
        3440,
        3447,
        3448,
        3449,
        3450,
        3451,
        3452,
        3459,
        3460,
        3461,
        3462,
        3463,
        3464,
        3471,
        3472,
        3473,
        3916,
        3917,
        3930,
        3931,
        3938,
        3939,
        3940,
        3945,
        3946,
        3947,
        3953,
        3954,
        3955,
        3956,
        3957,
        4359,
        4360,
        4361,
        4366,
        4367,
        4368,
        4369,
        4370,
        4371,
        4375,
        4394,
        4395,
        4396,
        4413,
        4414,
        4743,
        4834,
        4835,
        4919,
        4989,
        5599,
        5600,
        6087,
        6094,
        6099,
        6198,
        6226,
        6227,
        6233,
        6234,
        6695,
        6713,
        6714,
        6715,
        6716,
        7163,
        7260,
        7268,
        7283,
        7292,
        7319,
        7329,
        7330,
        7335,
        7336,
        7788,
        7789,
        7790,
        7832,
        7833,
        7834,
        7835,
        7836,
        7841,
        7842,
        7843,
        7848,
        7862,
        7863,
        7895,
        7900,
        7901,
        7902,
        8365,
        8386,
        8428,
        8441,
        8468,
        8891,
        8950,
        8975,
        8976,
        9521,
        9526,
        9527,
        9557,
        9570,
        9571,
        9572,
        9573,
        9574,
        9575,
        9576,
        9577,
        9578,
        9583,
        9584,
        9585,
        9594,
        9595,
        9604,
        9605,
        9606,
        9607,
        9626,
        9627,
        9628,
        10120,
        10128,
        10159,
        10170,
        10171,
        10172,
        10179,
        10180,
        10181,
        10182,
        10195,
        10679,
        10763,
        10782,
        10801,
        11345,
        11363,
        11376,
        11377,
        11378,
        11714,
        11715,
        11746,
        11747,
        11812,
        11829,
        11964,
        12439,
        13049,
        13069,
        13088,
        13089,
        13104,
        13105,
        13106,
        13107,
        13114,
        13115,
        13116,
        13117,
        13591,
        13592,
        13593,
        13594,
        13595,
        14135,
        14149,
        14150,
        14151,
        14156,
        14173,
        14189,
        14206,
        14207,
        14208,
        14209,
        14222,
        14239,
        14240,
        14241,
        14242,
        14243,
        14244,
        14584,
        14590,
        15087,
        15088,
        15089,
        15110,
        15116,
        15117,
        15134,
        15135,
        15142,
        15143,
        15144,
        15153,
        15154,
        15155,
        15169,
        15623,
        15624,
        15625,
        15630,
        15631,
        15632,
        16061,
        16062,
        16063,
        16072,
        16086,
        16087,
        16088,
        16097,
        16102,
        16103,
        16104,
        16125,
        16133,
        16134,
        16135,
        16136,
        16145,
        16146,
        16147,
        16152,
        16153,
        16169,
        16583,
        16584,
        16616,
        16617,
        16625,
        16637,
        16638,
        16650,
        16651,
        17114,
        17115,
        17116,
        17117,
        17123,
        17124,
        17125,
        17149,
        17150,
        17151,
        17152,
        17727,
        17728,
        17735,
        17736,
        17737,
        17738,
        17739,
        17740,
        17741,
        17742,
        17743,
        17744,
        17745,
        17746,
        17786,
        18268,
        18269,
        18270,
        18271,
        18293,
        18294,
        18295,
        18664,
        18806,
        18829,
        18830,
        18831,
        18832,
        18863,
        18864,
        18873,
        18887,
        18888,
        18889,
        18901,
        18902,
        18911,
        19281,
        19282,
        19432,
        19575,
        19576,
        19582,
        19602,
        19657,
        19658,
        19700,
        19701,
        20265,
        20297,
        20298,
        20309,
        20310,
        20722,
        20803,
        20808,
        20829,
        20830,
        20839,
        20848,
        20849,
        20858,
        20859,
        20860,
        20882,
        21265,
        21266,
        21292,
        21393,
        21397,
        21398,
        21405,
        21406,
        21407,
        21408,
        21409,
        21410,
        21853,
        21854,
        21855,
        21856,
        21857,
        21876,
        21892,
        21893,
        22265,
        22330,
        22331,
        22332,
        22466,
        22467,
        22468,
        22469,
        22473,
        22474,
        22475,
        22476,
        22487,
        22488,
        22489,
        22490,
        22491,
        22495,
        22496,
        22497,
        22504,
        22505,
        22510,
        22511,
        22512,
        22973,
        23516,
        23517,
        23544,
        23545,
        23546,
        23580,
        23581,
        23592,
        23593,
        23594,
        23595,
        23992,
        23993,
        23998,
        24557,
        24568,
        24569,
        24570,
        24577,
        24590,
        24591,
        24603,
        24662,
        24663,
        25734,
        25735,
        25736,
        25767,
        25768,
        25769,
        26231,
        26232,
        26246,
        26247,
        26248,
        26701,
        26708,
        26709,
        26718,
        26719,
        26730,
        26737,
        26745,
        26746,
        26747,
        26748,
        27139,
        27272,
        27302,
        27303,
        27304,
        27314,
        27315,
        27316,
        27317,
        27318,
        27319,
        27759,
        27764,
        27765,
        27766,
        27767,
        28281,
        28292,
        28299,
        28300,
        28307,
        28308,
        28309,
        28310,
        28323,
        28339,
        28350,
        28351,
        28352,
        28353,
        28354,
        28355,
        28365,
        28366,
        28367,
        28729,
        28737,
        29211,
        29212,
        29213,
        29214,
        29232,
        29233,
        29238,
        29239,
        29246,
        29247,
        29252,
        29281,
        29282,
        29283,
        29284,
        29285,
        29307,
        29308,
        29673,
        29690,
        29700,
        29716,
        29717,
        29718,
        29719,
        30129,
        30130,
        30131,
        30132,
        30133,
        30142,
        30143,
        30144,
        30145,
        30146,
        30151,
        30152,
        30153,
        30154,
        30168,
        30169,
        30182,
        30183,
        30184,
        30185,
        30186,
        30195,
        30196,
        30197,
        30202,
        30203,
        30204,
        30223,
        30630,
        30775,
        30790,
        30791,
        30792,
        31284,
        31347,
        31348,
        31355,
        31747,
        31780,
        31781,
        31782,
        31783,
        31788,
        31906,
        31913,
        31914,
        31915,
        31916,
        31920,
        31930,
        31931,
        31932,
        31939,
        31940,
        31941,
        31942,
        31943,
        31944,
        31945,
        31946,
        32384,
        32385,
        32450,
        32451,
        32452,
        33073,
        33074,
        33075,
        33076,
        33098,
        33099,
        33100,
        33101,
        33116,
        33122,
        33582,
        33598,
        33599,
        34132,
        34133,
        34134,
        34139,
        34146,
        34147,
        34154,
        34155,
        34164,
        34189,
        34210,
        34211,
        34239,
        34240,
        34250,
        34251,
        34252,
        34253,
        34254,
        34603,
        34604,
        34982,
        34983,
        35061,
        35074,
        35075,
        35080,
        35087,
        35088,
        35089,
        35090,
        35091,
        35098,
        35112,
        35122,
        35123,
        35124,
        35125,
        35136,
        35137,
        35138,
        35139,
        35158,
        35159,
        35160,
        35533,
        35548,
        35559,
        35560,
        35561,
        35568,
        35985,
        36061,
        36074,
        36075,
        36076,
        36077,
        36078,
        36087,
        36088,
        36089,
        36098,
        36099,
        36100,
        36101,
        36112,
        36548,
        36549,
        36558,
        36571,
        36647,
        36648,
        36657,
        36658,
        36659,
        37082,
        37083,
        37122,
        37123,
        37529,
        37547,
        37707,
        37708,
        37709,
        37718,
        37719,
        37773,
        37774,
        37786,
        37787,
        37788,
        37793,
        37794,
        37795,
        37800,
        37801,
        37802,
        38264,
        38365,
        38366,
        38367,
        38374,
        38375,
        38376,
        38384,
        38385,
        38386,
        38747,
        38796,
        38797,
        38798,
        38799,
        38800,
        38807,
        38813,
        39152,
        39160,
        39173,
        39174,
        39175,
        39176,
        39177,
        39184,
        39185,
        39186,
        39583,
        39627,
        39632,
        39633,
        39664,
        39665,
        39677,
        39678,
        39679,
        39680,
        40114,
        40124,
        40203,
        40244,
        40248,
        40249,
        40250,
        40267,
        40268,
        40269,
        40777,
        40778,
        40805,
        40820,
        41302,
        41424,
        41456,
        41468,
        41469,
        41470,
        41471,
        41472,
        41473,
        41474,
        41475,
        41476,
        41477,
        41478,
        41479,
        41480,
        41481,
        42021,
        42446,
        42559,
        42560,
        42591,
        42598,
        42618,
        42625,
        42626,
        43127,
        43132,
        43139,
        43154,
        43155,
        43156,
        43165,
        43166,
        43175,
        43668,
        43724,
        43725,
        43726,
        43727,
        43734,
        43735,
        43736,
        43743,
        43744,
        43748,
        43749,
        43754,
        43777,
        44610,
        44625,
        44637,
        44644,
        44645,
        44656,
        44663,
        44664,
        44665,
        44666,
        44673,
        44684,
        44685,
        44692,
        44693,
        44694,
        44703,
        44704,
        44737,
        44738,
        44739,
        44740,
        44741,
        44742
      ]
    },
    "modbus_queryflooding_timing": {
      "matches": 324,
      "packets": [
        3061,
        3089,
        3090,
        3440,
        3441,
        3447,
        3462,
        3463,
        3464,
        3465,
        3944,
        3957,
        3958,
        4361,
        4362,
        4414,
        4415,
        4859,
        4860,
        4918,
        4989,
        4990,
        5622,
        5623,
        6185,
        6186,
        6667,
        6668,
        6694,
        7319,
        7320,
        7330,
        7331,
        7339,
        7340,
        7832,
        8453,
        8454,
        8456,
        8457,
        8974,
        9572,
        9578,
        9579,
        9583,
        9594,
        9603,
        9606,
        10127,
        10710,
        10711,
        10724,
        10725,
        10757,
        10778,
        10779,
        11344,
        11361,
        11369,
        11370,
        11715,
        11716,
        12383,
        12438,
        12439,
        12440,
        12970,
        12971,
        12995,
        12996,
        12999,
        13000,
        13048,
        13068,
        13078,
        13079,
        13106,
        13114,
        14139,
        14140,
        14156,
        14157,
        14239,
        15110,
        15111,
        15115,
        15142,
        15625,
        15626,
        16086,
        16134,
        16146,
        16151,
        16582,
        16637,
        16651,
        16652,
        16664,
        16665,
        17116,
        17737,
        17802,
        17803,
        18267,
        18733,
        18734,
        18882,
        18883,
        19282,
        19283,
        19657,
        19671,
        19672,
        19701,
        19702,
        20308,
        20808,
        20809,
        20849,
        20850,
        20881,
        21346,
        21347,
        21353,
        21354,
        21386,
        21387,
        21393,
        21394,
        21397,
        21875,
        21892,
        21893,
        21894,
        22340,
        22341,
        22466,
        22472,
        22474,
        22488,
        22495,
        23534,
        23535,
        23543,
        23568,
        23569,
        24216,
        24217,
        24564,
        24565,
        24567,
        24576,
        24809,
        24810,
        25191,
        25192,
        25733,
        25744,
        25745,
        25753,
        25754,
        25763,
        25764,
        25767,
        26701,
        26702,
        26719,
        26720,
        26746,
        26748,
        26749,
        27276,
        27277,
        27293,
        27294,
        27313,
        27315,
        27316,
        27317,
        27323,
        27324,
        27763,
        27766,
        28274,
        28275,
        28280,
        28322,
        28327,
        28328,
        29211,
        29264,
        29265,
        29282,
        29721,
        30129,
        30141,
        30146,
        30147,
        30153,
        30167,
        30169,
        30170,
        30182,
        30195,
        30753,
        30754,
        30757,
        31920,
        31921,
        31940,
        32448,
        33075,
        33091,
        33092,
        33099,
        33101,
        33102,
        33105,
        33106,
        33115,
        34209,
        34602,
        34604,
        34605,
        35159,
        35561,
        35562,
        35567,
        35588,
        36061,
        36062,
        36074,
        36078,
        36079,
        36089,
        36090,
        36097,
        36111,
        36457,
        36458,
        36575,
        36576,
        36581,
        36582,
        36595,
        36596,
        36648,
        36649,
        36656,
        37082,
        37123,
        37124,
        37763,
        37764,
        37794,
        37811,
        37812,
        38356,
        38357,
        38365,
        38373,
        38375,
        38385,
        38795,
        38799,
        38807,
        38808,
        38812,
        39626,
        39627,
        39628,
        39632,
        39643,
        39680,
        39681,
        40139,
        40140,
        40178,
        40179,
        40203,
        40204,
        40213,
        40214,
        40237,
        40238,
        40247,
        40249,
        40266,
        40763,
        40764,
        40809,
        40810,
        40828,
        40829,
        41348,
        41349,
        41355,
        41356,
        41440,
        41441,
        41444,
        41445,
        41469,
        41478,
        41480,
        42025,
        42590,
        43127,
        43128,
        43132,
        43133,
        43155,
        43165,
        43668,
        43669,
        43742,
        43754,
        43755,
        44610,
        44611,
        44624,
        44636,
        44664,
        44703
      ]
    }
  }
}
